[2026-06-17 15:47:34.520] [INFO ] ====================================================
[2026-06-17 15:47:34.520] [INFO ] DbAutoInsert 시작
[2026-06-17 15:47:34.521] [INFO ] EXE 경로: C:\Users\aa\Downloads\DbAutoInsert\bin\Debug\net48\
[2026-06-17 15:47:34.521] [INFO ] 실행 인자: 
[2026-06-17 15:47:34.529] [INFO ] config.json 로드: C:\Users\aa\Downloads\DbAutoInsert\bin\Debug\net48\config.json
[2026-06-17 15:47:34.609] [INFO ] oracle_connection.json 로드 및 Oracle 연결 시도
[2026-06-17 15:47:35.091] [OK   ] Oracle 연결 성공
[2026-06-17 15:47:35.092] [----] ──── Oracle 연결 ────────────────────────
[2026-06-17 15:47:35.102] [OK   ] Oracle 연결 성공
[2026-06-17 15:47:35.103] [----] ──── 데이터 폴더 스캔: C:\Users\aa\Downloads\DbAutoInsert\bin\Debug\net48\dbinsert  (2개) ────────────────────────
[2026-06-17 15:47:35.103] [----] ──── CSV 처리: db_test_1.csv → 테이블: DB_TEST_1 ────────────────────────
[2026-06-17 15:47:35.124] [INFO ]   CSV 로드: 5행  컬럼: TEST1, TEST2, TEST3, TEST4, TEST5
[2026-06-17 15:47:35.237] [INFO ]   테이블 존재: DB_TEST_1
[2026-06-17 15:47:35.427] [OK   ]   삽입: 5행  |  중복 스킵: 0행
[2026-06-17 15:47:35.429] [----] ──── SQL 처리: db_test_1.txt ────────────────────────
[2026-06-17 15:47:35.430] [INFO ]   SQLite 문법 감지 → 자동 변환 후 실행
[2026-06-17 15:47:35.433] [INFO ]   변환된 구문: 5개
[2026-06-17 15:47:35.628] [OK   ]   실행: 5개  |  스킵: 0개
[2026-06-17 15:47:35.628] [OK   ] 모든 작업 완료
[2026-06-17 15:47:35.628] [OK   ] 프로그램 정상 종료
[2026-06-17 15:47:35.628] [INFO ] ====================================================
